[2025-10-02 20:03:27,392: INFO: common: yaml file: config/config.yaml loaded successfully]
[2025-10-02 20:03:27,394: INFO: common: yaml file: params.yaml loaded successfully]
[2025-10-02 20:05:34,403: INFO: common: yaml file: config/config.yaml loaded successfully]
[2025-10-02 20:05:34,404: INFO: common: yaml file: params.yaml loaded successfully]
[2025-10-02 20:08:23,477: INFO: common: yaml file: config/config.yaml loaded successfully]
[2025-10-02 20:08:23,479: INFO: common: yaml file: params.yaml loaded successfully]
[2025-10-02 20:08:23,480: INFO: common: created directory at: a]
[2025-10-02 20:08:23,481: INFO: common: created directory at: r]
[2025-10-02 20:08:23,482: INFO: common: created directory at: t]
[2025-10-02 20:08:23,483: INFO: common: created directory at: i]
[2025-10-02 20:08:23,484: INFO: common: created directory at: f]
[2025-10-02 20:08:23,485: INFO: common: created directory at: a]
[2025-10-02 20:08:23,486: INFO: common: created directory at: c]
[2025-10-02 20:08:23,487: INFO: common: created directory at: t]
[2025-10-02 20:08:23,487: INFO: common: created directory at: s]
[2025-10-02 20:08:23,488: INFO: common: created directory at: a]
[2025-10-02 20:08:23,489: INFO: common: created directory at: r]
[2025-10-02 20:08:23,490: INFO: common: created directory at: t]
[2025-10-02 20:08:23,491: INFO: common: created directory at: i]
[2025-10-02 20:08:23,491: INFO: common: created directory at: f]
[2025-10-02 20:08:23,493: INFO: common: created directory at: a]
[2025-10-02 20:08:23,494: INFO: common: created directory at: c]
[2025-10-02 20:08:23,495: INFO: common: created directory at: t]
[2025-10-02 20:08:23,496: INFO: common: created directory at: s]
[2025-10-02 20:08:23,497: INFO: common: created directory at: /]
[2025-10-02 20:08:23,498: INFO: common: created directory at: d]
[2025-10-02 20:08:23,499: INFO: common: created directory at: a]
[2025-10-02 20:08:23,500: INFO: common: created directory at: t]
[2025-10-02 20:08:23,500: INFO: common: created directory at: a]
[2025-10-02 20:08:23,502: INFO: common: created directory at: _]
[2025-10-02 20:08:23,503: INFO: common: created directory at: i]
[2025-10-02 20:08:23,504: INFO: common: created directory at: n]
[2025-10-02 20:08:23,505: INFO: common: created directory at: g]
[2025-10-02 20:08:23,506: INFO: common: created directory at: e]
[2025-10-02 20:08:23,507: INFO: common: created directory at: s]
[2025-10-02 20:08:23,508: INFO: common: created directory at: t]
[2025-10-02 20:08:23,509: INFO: common: created directory at: i]
[2025-10-02 20:08:23,511: INFO: common: created directory at: o]
[2025-10-02 20:08:23,512: INFO: common: created directory at: n]
[2025-10-02 20:08:52,893: INFO: common: yaml file: config/config.yaml loaded successfully]
[2025-10-02 20:08:52,896: INFO: common: yaml file: params.yaml loaded successfully]
[2025-10-02 20:08:52,897: INFO: common: created directory at: artifacts]
[2025-10-02 20:08:52,898: INFO: common: created directory at: artifacts/data_ingestion]
[2025-10-02 20:28:05,981: INFO: common: yaml file: config/config.yaml loaded successfully]
[2025-10-02 20:28:05,983: INFO: common: yaml file: params.yaml loaded successfully]
[2025-10-02 20:28:05,985: INFO: common: created directory at: artifacts]
[2025-10-02 20:28:05,986: INFO: common: created directory at: artifacts/data_ingestion]
[2025-10-02 20:31:34,851: INFO: common: yaml file: config/config.yaml loaded successfully]
[2025-10-02 20:31:34,853: INFO: common: yaml file: params.yaml loaded successfully]
[2025-10-02 20:31:34,853: INFO: common: created directory at: artifacts]
[2025-10-02 20:31:34,854: INFO: common: created directory at: artifacts/data_ingestion]
[2025-10-02 20:31:39,550: INFO: common: yaml file: config/config.yaml loaded successfully]
[2025-10-02 20:31:39,552: INFO: common: yaml file: params.yaml loaded successfully]
[2025-10-02 20:31:39,553: INFO: common: created directory at: artifacts]
[2025-10-02 20:31:39,554: INFO: common: created directory at: artifacts/data_ingestion]
[2025-10-02 20:31:47,212: INFO: common: yaml file: config/config.yaml loaded successfully]
[2025-10-02 20:31:47,214: INFO: common: yaml file: params.yaml loaded successfully]
[2025-10-02 20:31:47,215: INFO: common: created directory at: artifacts]
[2025-10-02 20:31:47,216: INFO: common: created directory at: artifacts/data_ingestion]
[2025-10-02 20:38:56,672: INFO: common: yaml file: config/config.yaml loaded successfully]
[2025-10-02 20:38:56,673: INFO: common: yaml file: params.yaml loaded successfully]
[2025-10-02 20:38:56,674: INFO: common: created directory at: artifacts]
[2025-10-02 20:40:31,982: INFO: common: yaml file: config/config.yaml loaded successfully]
[2025-10-02 20:40:31,984: INFO: common: yaml file: params.yaml loaded successfully]
[2025-10-02 20:40:31,991: INFO: common: created directory at: artifacts]
[2025-10-02 20:40:31,992: INFO: common: created directory at: artifacts/data_ingestion]
[2025-10-02 20:42:14,925: INFO: common: yaml file: config/config.yaml loaded successfully]
[2025-10-02 20:42:14,927: INFO: common: yaml file: params.yaml loaded successfully]
[2025-10-02 20:42:14,928: INFO: common: created directory at: artifacts]
[2025-10-02 20:42:14,929: INFO: common: created directory at: artifacts/data_ingestion]
[2025-10-02 20:43:55,134: INFO: common: yaml file: config/config.yaml loaded successfully]
[2025-10-02 20:43:55,136: INFO: common: yaml file: params.yaml loaded successfully]
[2025-10-02 20:43:55,138: INFO: common: created directory at: artifacts]
[2025-10-02 20:43:55,138: INFO: common: created directory at: artifacts/data_ingestion]
[2025-10-02 20:44:25,054: INFO: common: yaml file: config/config.yaml loaded successfully]
[2025-10-02 20:44:25,056: INFO: common: yaml file: params.yaml loaded successfully]
[2025-10-02 20:44:25,057: INFO: common: created directory at: artifacts]
[2025-10-02 20:44:25,058: INFO: common: created directory at: artifacts/data_ingestion]
[2025-10-02 20:45:52,022: INFO: common: yaml file: config/config.yaml loaded successfully]
[2025-10-02 20:45:52,024: INFO: common: yaml file: params.yaml loaded successfully]
[2025-10-02 20:45:52,025: INFO: common: created directory at: artifacts]
[2025-10-02 20:45:52,026: INFO: common: created directory at: artifacts/data_ingestion]
[2025-10-07 13:05:19,758: INFO: font_manager: Failed to extract font properties from /usr/share/fonts/truetype/noto/NotoColorEmoji.ttf: Can not load face (unknown file format; error code 0x2)]
[2025-10-07 13:05:20,146: INFO: font_manager: generated new fontManager]
[2025-10-07 14:39:39,319: INFO: common: yaml file: config/config.yaml loaded successfully]
[2025-10-07 14:39:39,322: INFO: common: yaml file: params.yaml loaded successfully]
[2025-10-07 14:39:39,323: INFO: common: created directory at: artifacts]
[2025-10-07 14:39:47,003: INFO: common: yaml file: config/config.yaml loaded successfully]
[2025-10-07 14:39:47,006: INFO: common: yaml file: params.yaml loaded successfully]
[2025-10-07 14:39:47,007: INFO: common: created directory at: artifacts]
[2025-10-07 14:46:03,461: INFO: common: yaml file: config/config.yaml loaded successfully]
[2025-10-07 14:46:03,472: INFO: common: yaml file: params.yaml loaded successfully]
[2025-10-07 14:46:03,473: INFO: common: created directory at: artifacts]
[2025-10-07 14:46:53,386: INFO: common: yaml file: config/config.yaml loaded successfully]
[2025-10-07 14:46:53,389: INFO: common: yaml file: params.yaml loaded successfully]
[2025-10-07 14:46:53,390: INFO: common: created directory at: artifacts]
[2025-10-07 14:48:50,329: INFO: common: yaml file: config/config.yaml loaded successfully]
[2025-10-07 14:48:50,333: INFO: common: yaml file: params.yaml loaded successfully]
[2025-10-07 14:48:50,334: INFO: common: created directory at: artifacts]
[2025-10-07 14:48:50,338: INFO: common: created directory at: artifacts/prepare_base_model]
[2025-10-07 14:50:22,431: INFO: common: yaml file: config/config.yaml loaded successfully]
[2025-10-07 14:50:22,434: INFO: common: yaml file: params.yaml loaded successfully]
[2025-10-07 14:50:22,435: INFO: common: created directory at: artifacts]
[2025-10-07 14:50:22,436: INFO: common: created directory at: artifacts/prepare_base_model]
[2025-10-07 14:50:37,776: WARNING: saving_api: You are saving your model as an HDF5 file via `model.save()` or `keras.saving.save_model(model)`. This file format is considered legacy. We recommend using instead the native Keras format, e.g. `model.save('my_model.keras')` or `keras.saving.save_model(model, 'my_model.keras')`. ]
[2025-10-07 14:50:37,983: WARNING: saving_api: You are saving your model as an HDF5 file via `model.save()` or `keras.saving.save_model(model)`. This file format is considered legacy. We recommend using instead the native Keras format, e.g. `model.save('my_model.keras')` or `keras.saving.save_model(model, 'my_model.keras')`. ]
